Feb-26 10:24:54.440 [main] DEBUG nextflow.cli.Launcher - $> nextflow run main.nf --input_dir /media/atorres/ont_data/20260225_Blood_1E2CFU_ml_2ndrun/ --outdir /media/atorres/ont_data/20260225_Blood_1E2CFU_ml_2ndrun_Results/ --barcodes barcode01,barcode02,barcode03,barcode04,barcode05,barcode06,barcode07,barcode08,barcode09,barcode10,barcode11,barcode12,barcode13,barcode14,barcode15,barcode16,barcode17,barcode18 --run_host_depletion --run_read_qc --run_kraken --kraken_db /home/atorres/db/kraken2_fda_argos/ --host_reference /home/atorres/db/human_genome/GCF_000001405.40_GRCh38.p14_genomic.fna --qc_opts.min_length 1000
Feb-26 10:24:54.507 [main] DEBUG nextflow.cli.CmdRun - N E X T F L O W  ~  version 25.04.7
Feb-26 10:24:54.521 [main] DEBUG nextflow.plugin.PluginsFacade - Setting up plugin manager > mode=prod; embedded=false; plugins-dir=/home/atorres/.nextflow/plugins; core-plugins: nf-amazon@2.15.0-patch1,nf-azure@1.16.0-patch1,nf-cloudcache@0.4.3,nf-codecommit@0.2.3,nf-console@1.2.1,nf-google@1.21.1,nf-k8s@1.0.0,nf-tower@1.11.4-patch1,nf-wave@1.12.1
Feb-26 10:24:54.543 [main] INFO  o.pf4j.DefaultPluginStatusProvider - Enabled plugins: []
Feb-26 10:24:54.544 [main] INFO  o.pf4j.DefaultPluginStatusProvider - Disabled plugins: []
Feb-26 10:24:54.545 [main] INFO  org.pf4j.DefaultPluginManager - PF4J version 3.12.0 in 'deployment' mode
Feb-26 10:24:54.551 [main] INFO  org.pf4j.AbstractPluginManager - No plugins
Feb-26 10:24:54.561 [main] DEBUG nextflow.config.ConfigBuilder - Found config local: /home/atorres/scripts/metaRT/nextflow_pipeline/nextflow.config
Feb-26 10:24:54.562 [main] DEBUG nextflow.config.ConfigBuilder - Parsing config file: /home/atorres/scripts/metaRT/nextflow_pipeline/nextflow.config
Feb-26 10:24:54.578 [main] DEBUG n.secret.LocalSecretsProvider - Secrets store: /home/atorres/.nextflow/secrets/store.json
Feb-26 10:24:54.581 [main] DEBUG nextflow.secret.SecretsLoader - Discovered secrets providers: [nextflow.secret.LocalSecretsProvider@4b6ac111] - activable => nextflow.secret.LocalSecretsProvider@4b6ac111
Feb-26 10:24:54.588 [main] DEBUG nextflow.config.ConfigBuilder - Applying config profile: `standard`
Feb-26 10:24:54.869 [main] DEBUG nextflow.cli.CmdRun - Applied DSL=2 from script declaration
Feb-26 10:24:54.877 [main] DEBUG nextflow.cli.CmdRun - Launching `main.nf` [chaotic_watson] DSL2 - revision: 94236b364d
Feb-26 10:24:54.878 [main] DEBUG nextflow.plugin.PluginsFacade - Plugins default=[]
Feb-26 10:24:54.878 [main] DEBUG nextflow.plugin.PluginsFacade - Plugins resolved requirement=[]
Feb-26 10:24:54.905 [main] DEBUG nextflow.Session - Session UUID: 30b87a00-a813-448f-b09d-4c052f7f0a71
Feb-26 10:24:54.905 [main] DEBUG nextflow.Session - Run name: chaotic_watson
Feb-26 10:24:54.906 [main] DEBUG nextflow.Session - Executor pool size: 32
Feb-26 10:24:54.909 [main] DEBUG nextflow.file.FilePorter - File porter settings maxRetries=3; maxTransfers=50; pollTimeout=null
Feb-26 10:24:54.912 [main] DEBUG nextflow.util.ThreadPoolBuilder - Creating thread pool 'FileTransfer' minSize=10; maxSize=96; workQueue=LinkedBlockingQueue[-1]; allowCoreThreadTimeout=false
Feb-26 10:24:54.925 [main] DEBUG nextflow.cli.CmdRun - 
  Version: 25.04.7 build 5955
  Created: 08-09-2025 13:29 UTC (06:29 PDT)
  System: Linux 6.8.0-94-generic
  Runtime: Groovy 4.0.26 on OpenJDK 64-Bit Server VM 24.0.2-internal-adhoc.conda.src
  Encoding: UTF-8 (UTF-8)
  Process: 2696679@arion [127.0.1.1]
  CPUs: 32 - Mem: 62.6 GB (1.2 GB) - Swap: 2 GB (32.2 MB)
Feb-26 10:24:54.937 [main] DEBUG nextflow.Session - Work-dir: /home/atorres/scripts/metaRT/nextflow_pipeline/work [ext2/ext3]
Feb-26 10:24:54.957 [main] DEBUG nextflow.executor.ExecutorFactory - Extension executors providers=[]
Feb-26 10:24:54.963 [main] DEBUG nextflow.Session - Observer factory: DefaultObserverFactory
Feb-26 10:24:54.965 [main] DEBUG nextflow.Session - Observer factory (v2): LinObserverFactory
Feb-26 10:24:54.977 [main] DEBUG nextflow.cache.CacheFactory - Using Nextflow cache factory: nextflow.cache.DefaultCacheFactory
Feb-26 10:24:54.984 [main] DEBUG nextflow.util.CustomThreadPool - Creating default thread pool > poolSize: 33; maxThreads: 1000
Feb-26 10:24:55.027 [main] DEBUG nextflow.Session - Session start
Feb-26 10:24:55.192 [main] DEBUG nextflow.script.ScriptRunner - > Launching execution
Feb-26 10:24:55.199 [main] WARN  nextflow.script.ScriptBinding - Access to undefined parameter `classifier` -- Initialise it to a default value eg. `params.classifier = some_value`
Feb-26 10:24:55.200 [main] INFO  nextflow.Nextflow - 
N A N O - R T    P I P E L I N E (Modular)
==========================================
Input Directory : /media/atorres/ont_data/20260225_Blood_1E2CFU_ml_2ndrun/
Output Directory: /media/atorres/ont_data/20260225_Blood_1E2CFU_ml_2ndrun_Results/
Barcodes        : barcode01,barcode02,barcode03,barcode04,barcode05,barcode06,barcode07,barcode08,barcode09,barcode10,barcode11,barcode12,barcode13,barcode14,barcode15,barcode16,barcode17,barcode18
Classifier      : null

Feb-26 10:24:55.454 [main] DEBUG nextflow.script.ProcessConfig - Config settings `withName:COMBINE_FASTQ` matches process COMBINE_FASTQ
Feb-26 10:24:55.460 [main] DEBUG nextflow.executor.ExecutorFactory - << taskConfig executor: local
Feb-26 10:24:55.460 [main] DEBUG nextflow.executor.ExecutorFactory - >> processorType: 'local'
Feb-26 10:24:55.462 [main] DEBUG nextflow.executor.Executor - [warm up] executor > local
Feb-26 10:24:55.465 [main] DEBUG n.processor.LocalPollingMonitor - Creating local task monitor for executor 'local' > cpus=24; memory=60 GB; capacity=32; pollInterval=100ms; dumpInterval=5m
Feb-26 10:24:55.467 [main] DEBUG n.processor.TaskPollingMonitor - >>> barrier register (monitor: local)
Feb-26 10:24:55.477 [main] DEBUG nextflow.processor.TaskProcessor - Creating process 'COMBINE_FASTQ': maxForks=0; fair=false; array=0
Feb-26 10:24:55.492 [main] DEBUG nextflow.script.ProcessConfig - Config settings `withName:REMOVE_HOST` matches process REMOVE_HOST
Feb-26 10:24:55.493 [main] DEBUG nextflow.executor.ExecutorFactory - << taskConfig executor: local
Feb-26 10:24:55.493 [main] DEBUG nextflow.executor.ExecutorFactory - >> processorType: 'local'
Feb-26 10:24:55.494 [main] DEBUG nextflow.processor.TaskProcessor - Creating process 'REMOVE_HOST': maxForks=0; fair=false; array=0
Feb-26 10:24:55.498 [main] DEBUG nextflow.script.ProcessConfig - Config settings `withName:RUN_QC_FASTPLONG` matches process RUN_QC_FASTPLONG
Feb-26 10:24:55.499 [main] DEBUG nextflow.executor.ExecutorFactory - << taskConfig executor: local
Feb-26 10:24:55.499 [main] DEBUG nextflow.executor.ExecutorFactory - >> processorType: 'local'
Feb-26 10:24:55.500 [main] DEBUG nextflow.processor.TaskProcessor - Creating process 'RUN_QC_FASTPLONG': maxForks=0; fair=false; array=0
Feb-26 10:24:55.503 [main] DEBUG nextflow.script.ProcessConfig - Config settings `withName:PREPARE_KRAKEN_DB` matches process PREPARE_KRAKEN_DB
Feb-26 10:24:55.504 [main] DEBUG nextflow.executor.ExecutorFactory - << taskConfig executor: local
Feb-26 10:24:55.504 [main] DEBUG nextflow.executor.ExecutorFactory - >> processorType: 'local'
Feb-26 10:24:55.505 [main] DEBUG nextflow.processor.TaskProcessor - Creating process 'PREPARE_KRAKEN_DB': maxForks=0; fair=false; array=0
Feb-26 10:24:55.508 [main] DEBUG nextflow.script.ProcessConfig - Config settings `withName:RUN_KRAKEN2` matches process RUN_KRAKEN2
Feb-26 10:24:55.509 [main] DEBUG nextflow.executor.ExecutorFactory - << taskConfig executor: local
Feb-26 10:24:55.509 [main] DEBUG nextflow.executor.ExecutorFactory - >> processorType: 'local'
Feb-26 10:24:55.510 [main] DEBUG nextflow.processor.TaskProcessor - Creating process 'RUN_KRAKEN2': maxForks=0; fair=false; array=0
Feb-26 10:24:55.511 [main] DEBUG nextflow.Session - Workflow process names [dsl2]: RUN_KRAKEN2, REMOVE_HOST, RUN_SMART, RUN_MAP2REFSEQ, RUN_QC_FASTPLONG, PREPARE_KRAKEN_DB, COMBINE_FASTQ
Feb-26 10:24:55.513 [main] DEBUG nextflow.Session - Igniting dataflow network (6)
Feb-26 10:24:55.515 [main] DEBUG nextflow.processor.TaskProcessor - Starting process > COMBINE_FASTQ
Feb-26 10:24:55.516 [main] DEBUG nextflow.processor.TaskProcessor - Starting process > REMOVE_HOST
Feb-26 10:24:55.516 [main] DEBUG nextflow.processor.TaskProcessor - Starting process > RUN_QC_FASTPLONG
Feb-26 10:24:55.516 [main] DEBUG nextflow.processor.TaskProcessor - Starting process > PREPARE_KRAKEN_DB
Feb-26 10:24:55.516 [main] DEBUG nextflow.processor.TaskProcessor - Starting process > RUN_KRAKEN2
Feb-26 10:24:55.516 [main] DEBUG nextflow.script.ScriptRunner - Parsed script files:
  Script_5de55c1c1d6c5837: /home/atorres/scripts/metaRT/nextflow_pipeline/modules/local/host_depletion.nf
  Script_527192fd81930cd3: /home/atorres/scripts/metaRT/nextflow_pipeline/modules/local/combine_fastq.nf
  Script_f52324e56062c244: /home/atorres/scripts/metaRT/nextflow_pipeline/modules/local/read_qc.nf
  Script_43a6bbd9ff20d35f: /home/atorres/scripts/metaRT/nextflow_pipeline/main.nf
  Script_4bad5b10c6ba62ae: /home/atorres/scripts/metaRT/nextflow_pipeline/modules/local/classification/smart.nf
  Script_4bb1e2365a7b1866: /home/atorres/scripts/metaRT/nextflow_pipeline/modules/local/classification/kraken2.nf
  Script_487c4622933d79f2: /home/atorres/scripts/metaRT/nextflow_pipeline/modules/local/classification/map2refseq.nf
  Script_49a889f796014ec5: /home/atorres/scripts/metaRT/nextflow_pipeline/modules/local/prepare_kraken_db.nf
Feb-26 10:24:55.516 [main] DEBUG nextflow.script.ScriptRunner - > Awaiting termination 
Feb-26 10:24:55.516 [main] DEBUG nextflow.Session - Session await
Feb-26 10:24:55.517 [PathVisitor-1] DEBUG nextflow.file.PathVisitor - files for syntax: glob; folder: /media/atorres/ont_data/20260225_Blood_1E2CFU_ml_2ndrun/; pattern: */*/{fastq_pass,fastq_fail}/barcode*/*.fastq.gz; options: [:]
Feb-26 10:24:55.591 [Task submitter] DEBUG n.executor.local.LocalTaskHandler - Launch cmd line: /bin/bash -ue .command.run
Feb-26 10:24:55.592 [Task submitter] INFO  nextflow.Session - [da/15087b] Submitted process > PREPARE_KRAKEN_DB (Preparing Kraken2 DB)
Feb-26 10:24:55.729 [Task submitter] DEBUG n.executor.local.LocalTaskHandler - Launch cmd line: /bin/bash -ue .command.run
Feb-26 10:24:55.730 [Task submitter] INFO  nextflow.Session - [3b/b9c7a3] Submitted process > COMBINE_FASTQ (Combining barcode13 files)
Feb-26 10:24:55.735 [Task submitter] DEBUG n.executor.local.LocalTaskHandler - Launch cmd line: /bin/bash -ue .command.run
Feb-26 10:24:55.736 [Task submitter] INFO  nextflow.Session - [0b/d43a1b] Submitted process > COMBINE_FASTQ (Combining barcode04 files)
Feb-26 10:24:55.742 [Task submitter] DEBUG n.executor.local.LocalTaskHandler - Launch cmd line: /bin/bash -ue .command.run
Feb-26 10:24:55.742 [Task submitter] INFO  nextflow.Session - [58/09d6a2] Submitted process > COMBINE_FASTQ (Combining barcode08 files)
Feb-26 10:24:55.747 [Task submitter] DEBUG n.executor.local.LocalTaskHandler - Launch cmd line: /bin/bash -ue .command.run
Feb-26 10:24:55.747 [Task submitter] INFO  nextflow.Session - [7b/e7e9bc] Submitted process > COMBINE_FASTQ (Combining barcode17 files)
Feb-26 10:24:55.757 [Task submitter] DEBUG n.executor.local.LocalTaskHandler - Launch cmd line: /bin/bash -ue .command.run
Feb-26 10:24:55.758 [Task submitter] INFO  nextflow.Session - [8c/6fc50f] Submitted process > COMBINE_FASTQ (Combining barcode12 files)
Feb-26 10:24:55.764 [Task submitter] DEBUG n.executor.local.LocalTaskHandler - Launch cmd line: /bin/bash -ue .command.run
Feb-26 10:24:55.764 [Task submitter] INFO  nextflow.Session - [1b/8b515b] Submitted process > COMBINE_FASTQ (Combining barcode14 files)
Feb-26 10:24:55.773 [Task submitter] DEBUG n.executor.local.LocalTaskHandler - Launch cmd line: /bin/bash -ue .command.run
Feb-26 10:24:55.773 [Task submitter] INFO  nextflow.Session - [04/9ebe5c] Submitted process > COMBINE_FASTQ (Combining barcode15 files)
Feb-26 10:24:55.782 [Task submitter] DEBUG n.executor.local.LocalTaskHandler - Launch cmd line: /bin/bash -ue .command.run
Feb-26 10:24:55.782 [Task submitter] INFO  nextflow.Session - [54/853df8] Submitted process > COMBINE_FASTQ (Combining barcode03 files)
Feb-26 10:24:55.791 [Task submitter] DEBUG n.executor.local.LocalTaskHandler - Launch cmd line: /bin/bash -ue .command.run
Feb-26 10:24:55.791 [Task submitter] INFO  nextflow.Session - [9a/c2d10a] Submitted process > COMBINE_FASTQ (Combining barcode06 files)
Feb-26 10:24:55.800 [Task submitter] DEBUG n.executor.local.LocalTaskHandler - Launch cmd line: /bin/bash -ue .command.run
Feb-26 10:24:55.800 [Task submitter] INFO  nextflow.Session - [bf/3790c2] Submitted process > COMBINE_FASTQ (Combining barcode01 files)
Feb-26 10:24:55.808 [Task submitter] DEBUG n.executor.local.LocalTaskHandler - Launch cmd line: /bin/bash -ue .command.run
Feb-26 10:24:55.809 [Task submitter] INFO  nextflow.Session - [ee/1492da] Submitted process > COMBINE_FASTQ (Combining barcode07 files)
Feb-26 10:24:55.818 [Task submitter] DEBUG n.executor.local.LocalTaskHandler - Launch cmd line: /bin/bash -ue .command.run
Feb-26 10:24:55.819 [Task submitter] INFO  nextflow.Session - [d6/5fa4a1] Submitted process > COMBINE_FASTQ (Combining barcode11 files)
Feb-26 10:24:55.828 [Task submitter] DEBUG n.executor.local.LocalTaskHandler - Launch cmd line: /bin/bash -ue .command.run
Feb-26 10:24:55.828 [Task submitter] INFO  nextflow.Session - [a6/8b7428] Submitted process > COMBINE_FASTQ (Combining barcode05 files)
Feb-26 10:24:55.834 [Task submitter] DEBUG n.executor.local.LocalTaskHandler - Launch cmd line: /bin/bash -ue .command.run
Feb-26 10:24:55.835 [Task submitter] INFO  nextflow.Session - [4b/950578] Submitted process > COMBINE_FASTQ (Combining barcode10 files)
Feb-26 10:24:55.841 [Task submitter] DEBUG n.executor.local.LocalTaskHandler - Launch cmd line: /bin/bash -ue .command.run
Feb-26 10:24:55.841 [Task submitter] INFO  nextflow.Session - [f4/e4bac3] Submitted process > COMBINE_FASTQ (Combining barcode09 files)
Feb-26 10:24:55.847 [Task submitter] DEBUG n.executor.local.LocalTaskHandler - Launch cmd line: /bin/bash -ue .command.run
Feb-26 10:24:55.847 [Task submitter] INFO  nextflow.Session - [5d/17db3d] Submitted process > COMBINE_FASTQ (Combining barcode16 files)
Feb-26 10:24:55.856 [Task submitter] DEBUG n.executor.local.LocalTaskHandler - Launch cmd line: /bin/bash -ue .command.run
Feb-26 10:24:55.856 [Task submitter] INFO  nextflow.Session - [ea/6058bc] Submitted process > COMBINE_FASTQ (Combining barcode18 files)
Feb-26 10:24:55.865 [Task submitter] DEBUG n.executor.local.LocalTaskHandler - Launch cmd line: /bin/bash -ue .command.run
Feb-26 10:24:55.866 [Task submitter] INFO  nextflow.Session - [1f/33d0bb] Submitted process > COMBINE_FASTQ (Combining barcode02 files)
Feb-26 10:24:58.095 [Task monitor] DEBUG n.processor.TaskPollingMonitor - Task completed > TaskHandler[id: 1; name: PREPARE_KRAKEN_DB (Preparing Kraken2 DB); status: COMPLETED; exit: 0; error: -; workDir: /home/atorres/scripts/metaRT/nextflow_pipeline/work/da/15087b4ab2d535f2af21e06507e0e2]
Feb-26 10:24:58.095 [Task monitor] DEBUG nextflow.util.ThreadPoolBuilder - Creating thread pool 'TaskFinalizer' minSize=10; maxSize=96; workQueue=LinkedBlockingQueue[-1]; allowCoreThreadTimeout=false
Feb-26 10:25:09.176 [Task monitor] DEBUG n.processor.TaskPollingMonitor - Task completed > TaskHandler[id: 11; name: COMBINE_FASTQ (Combining barcode17 files); status: COMPLETED; exit: 0; error: -; workDir: /home/atorres/scripts/metaRT/nextflow_pipeline/work/7b/e7e9bc56072a3e7b56672575e93e69]
Feb-26 10:25:09.273 [TaskFinalizer-2] DEBUG nextflow.util.ThreadPoolBuilder - Creating thread pool 'PublishDir' minSize=10; maxSize=96; workQueue=LinkedBlockingQueue[-1]; allowCoreThreadTimeout=false
Feb-26 10:25:09.728 [Task monitor] DEBUG n.processor.TaskPollingMonitor - Task completed > TaskHandler[id: 19; name: COMBINE_FASTQ (Combining barcode01 files); status: COMPLETED; exit: 0; error: -; workDir: /home/atorres/scripts/metaRT/nextflow_pipeline/work/bf/3790c29c666ec4304e66bc0aa6035a]
Feb-26 10:25:09.739 [Task monitor] DEBUG n.processor.TaskPollingMonitor - Task completed > TaskHandler[id: 5; name: COMBINE_FASTQ (Combining barcode14 files); status: COMPLETED; exit: 0; error: -; workDir: /home/atorres/scripts/metaRT/nextflow_pipeline/work/1b/8b515b86a09bb013bdf9444389bbde]
Feb-26 10:25:09.741 [Task monitor] DEBUG n.processor.TaskPollingMonitor - Task completed > TaskHandler[id: 9; name: COMBINE_FASTQ (Combining barcode15 files); status: COMPLETED; exit: 0; error: -; workDir: /home/atorres/scripts/metaRT/nextflow_pipeline/work/04/9ebe5cc893b175b8891103e642991a]
Feb-26 10:25:09.763 [Task monitor] DEBUG n.processor.TaskPollingMonitor - Task completed > TaskHandler[id: 2; name: COMBINE_FASTQ (Combining barcode13 files); status: COMPLETED; exit: 0; error: -; workDir: /home/atorres/scripts/metaRT/nextflow_pipeline/work/3b/b9c7a351f1014f8187341f5012cb1d]
Feb-26 10:25:09.780 [Task monitor] DEBUG n.processor.TaskPollingMonitor - Task completed > TaskHandler[id: 14; name: COMBINE_FASTQ (Combining barcode04 files); status: COMPLETED; exit: 0; error: -; workDir: /home/atorres/scripts/metaRT/nextflow_pipeline/work/0b/d43a1b89388c35cc244c6de65d3f8d]
Feb-26 10:25:09.784 [Task submitter] DEBUG n.executor.local.LocalTaskHandler - Launch cmd line: /bin/bash -ue .command.run
Feb-26 10:25:09.785 [Task submitter] INFO  nextflow.Session - [6a/1baf18] Submitted process > REMOVE_HOST (Removing host from barcode17)
Feb-26 10:25:09.791 [Task monitor] DEBUG n.processor.TaskPollingMonitor - Task completed > TaskHandler[id: 10; name: COMBINE_FASTQ (Combining barcode06 files); status: COMPLETED; exit: 0; error: -; workDir: /home/atorres/scripts/metaRT/nextflow_pipeline/work/9a/c2d10a555f020e014604648869d579]
Feb-26 10:25:09.793 [Task monitor] DEBUG n.processor.TaskPollingMonitor - Task completed > TaskHandler[id: 12; name: COMBINE_FASTQ (Combining barcode12 files); status: COMPLETED; exit: 0; error: -; workDir: /home/atorres/scripts/metaRT/nextflow_pipeline/work/8c/6fc50f5ca666db7a360baa7a050343]
Feb-26 10:25:09.793 [Task monitor] DEBUG n.processor.TaskPollingMonitor - Task completed > TaskHandler[id: 16; name: COMBINE_FASTQ (Combining barcode09 files); status: COMPLETED; exit: 0; error: -; workDir: /home/atorres/scripts/metaRT/nextflow_pipeline/work/f4/e4bac3e2ad7539fa783aa60f4fd693]
Feb-26 10:25:09.796 [Task monitor] DEBUG n.processor.TaskPollingMonitor - Task completed > TaskHandler[id: 13; name: COMBINE_FASTQ (Combining barcode10 files); status: COMPLETED; exit: 0; error: -; workDir: /home/atorres/scripts/metaRT/nextflow_pipeline/work/4b/950578b417056b2d70914a0bd9d9e2]
Feb-26 10:25:09.807 [Task monitor] DEBUG n.processor.TaskPollingMonitor - Task completed > TaskHandler[id: 3; name: COMBINE_FASTQ (Combining barcode08 files); status: COMPLETED; exit: 0; error: -; workDir: /home/atorres/scripts/metaRT/nextflow_pipeline/work/58/09d6a273818a4fc7d4bd1161dc7c54]
Feb-26 10:25:09.807 [Task monitor] DEBUG n.processor.TaskPollingMonitor - Task completed > TaskHandler[id: 17; name: COMBINE_FASTQ (Combining barcode02 files); status: COMPLETED; exit: 0; error: -; workDir: /home/atorres/scripts/metaRT/nextflow_pipeline/work/1f/33d0bb694a9fb89f98a55afc981298]
Feb-26 10:25:09.814 [Task monitor] DEBUG n.processor.TaskPollingMonitor - Task completed > TaskHandler[id: 7; name: COMBINE_FASTQ (Combining barcode07 files); status: COMPLETED; exit: 0; error: -; workDir: /home/atorres/scripts/metaRT/nextflow_pipeline/work/ee/1492da8dd626112ef500eccc1bcd84]
Feb-26 10:25:09.844 [Task monitor] DEBUG n.processor.TaskPollingMonitor - Task completed > TaskHandler[id: 18; name: COMBINE_FASTQ (Combining barcode03 files); status: COMPLETED; exit: 0; error: -; workDir: /home/atorres/scripts/metaRT/nextflow_pipeline/work/54/853df8338aad564ed96aa669f15544]
Feb-26 10:25:09.898 [Task monitor] DEBUG n.processor.TaskPollingMonitor - Task completed > TaskHandler[id: 8; name: COMBINE_FASTQ (Combining barcode11 files); status: COMPLETED; exit: 0; error: -; workDir: /home/atorres/scripts/metaRT/nextflow_pipeline/work/d6/5fa4a1c3f4192df0eb02cfe0c5e41a]
Feb-26 10:25:09.902 [Task monitor] DEBUG n.processor.TaskPollingMonitor - Task completed > TaskHandler[id: 6; name: COMBINE_FASTQ (Combining barcode18 files); status: COMPLETED; exit: 0; error: -; workDir: /home/atorres/scripts/metaRT/nextflow_pipeline/work/ea/6058bcebd69397000774f5ecc25967]
Feb-26 10:25:09.907 [Task monitor] DEBUG n.processor.TaskPollingMonitor - Task completed > TaskHandler[id: 15; name: COMBINE_FASTQ (Combining barcode05 files); status: COMPLETED; exit: 0; error: -; workDir: /home/atorres/scripts/metaRT/nextflow_pipeline/work/a6/8b74287a6ef84fe0129c65a54f1517]
Feb-26 10:25:09.968 [Task monitor] DEBUG n.processor.TaskPollingMonitor - Task completed > TaskHandler[id: 4; name: COMBINE_FASTQ (Combining barcode16 files); status: COMPLETED; exit: 0; error: -; workDir: /home/atorres/scripts/metaRT/nextflow_pipeline/work/5d/17db3dae0dff6d60b84b4bb9bc71df]
Feb-26 10:25:09.972 [Task submitter] DEBUG n.executor.local.LocalTaskHandler - Launch cmd line: /bin/bash -ue .command.run
Feb-26 10:25:09.972 [Task submitter] INFO  nextflow.Session - [4b/461a08] Submitted process > REMOVE_HOST (Removing host from barcode01)
Feb-26 10:26:14.921 [Task monitor] DEBUG n.processor.TaskPollingMonitor - Task completed > TaskHandler[id: 21; name: REMOVE_HOST (Removing host from barcode01); status: COMPLETED; exit: 0; error: -; workDir: /home/atorres/scripts/metaRT/nextflow_pipeline/work/4b/461a08bfcf7491e0857d7498bca212]
Feb-26 10:26:14.925 [Task submitter] DEBUG n.executor.local.LocalTaskHandler - Launch cmd line: /bin/bash -ue .command.run
Feb-26 10:26:14.925 [Task submitter] INFO  nextflow.Session - [cd/cc1cef] Submitted process > REMOVE_HOST (Removing host from barcode14)
Feb-26 10:26:14.966 [TaskFinalizer-9] DEBUG nextflow.processor.TaskProcessor - Process REMOVE_HOST > Skipping output binding because one or more optional files are missing: fileoutparam<1>
Feb-26 10:26:15.402 [Task monitor] DEBUG n.processor.TaskPollingMonitor - Task completed > TaskHandler[id: 20; name: REMOVE_HOST (Removing host from barcode17); status: COMPLETED; exit: 0; error: -; workDir: /home/atorres/scripts/metaRT/nextflow_pipeline/work/6a/1baf18a082e9e25ed60daac127fad0]
Feb-26 10:26:15.404 [TaskFinalizer-1] DEBUG nextflow.processor.TaskProcessor - Process REMOVE_HOST > Skipping output binding because one or more optional files are missing: fileoutparam<1>
Feb-26 10:26:15.404 [Task submitter] DEBUG n.executor.local.LocalTaskHandler - Launch cmd line: /bin/bash -ue .command.run
Feb-26 10:26:15.405 [Task submitter] INFO  nextflow.Session - [7c/c0d97d] Submitted process > REMOVE_HOST (Removing host from barcode15)
Feb-26 10:27:21.998 [Task monitor] DEBUG n.processor.TaskPollingMonitor - Task completed > TaskHandler[id: 23; name: REMOVE_HOST (Removing host from barcode15); status: COMPLETED; exit: 0; error: -; workDir: /home/atorres/scripts/metaRT/nextflow_pipeline/work/7c/c0d97da427859c347e6f3c479f6800]
Feb-26 10:27:22.007 [TaskFinalizer-2] DEBUG nextflow.processor.TaskProcessor - Process REMOVE_HOST > Skipping output binding because one or more optional files are missing: fileoutparam<1>
Feb-26 10:27:22.008 [Task submitter] DEBUG n.executor.local.LocalTaskHandler - Launch cmd line: /bin/bash -ue .command.run
Feb-26 10:27:22.009 [Task submitter] INFO  nextflow.Session - [12/b249d0] Submitted process > REMOVE_HOST (Removing host from barcode13)
Feb-26 10:27:26.309 [Task monitor] DEBUG n.processor.TaskPollingMonitor - Task completed > TaskHandler[id: 22; name: REMOVE_HOST (Removing host from barcode14); status: COMPLETED; exit: 0; error: -; workDir: /home/atorres/scripts/metaRT/nextflow_pipeline/work/cd/cc1cef96708a37a5416a6043de385c]
Feb-26 10:27:26.311 [TaskFinalizer-3] DEBUG nextflow.processor.TaskProcessor - Process REMOVE_HOST > Skipping output binding because one or more optional files are missing: fileoutparam<1>
Feb-26 10:27:26.312 [Task submitter] DEBUG n.executor.local.LocalTaskHandler - Launch cmd line: /bin/bash -ue .command.run
Feb-26 10:27:26.312 [Task submitter] INFO  nextflow.Session - [a6/de2e88] Submitted process > REMOVE_HOST (Removing host from barcode04)
Feb-26 10:28:41.647 [Task monitor] DEBUG n.processor.TaskPollingMonitor - Task completed > TaskHandler[id: 24; name: REMOVE_HOST (Removing host from barcode13); status: COMPLETED; exit: 0; error: -; workDir: /home/atorres/scripts/metaRT/nextflow_pipeline/work/12/b249d00be79bd3d72bbd52b607c37b]
Feb-26 10:28:41.649 [TaskFinalizer-4] DEBUG nextflow.processor.TaskProcessor - Process REMOVE_HOST > Skipping output binding because one or more optional files are missing: fileoutparam<1>
Feb-26 10:28:41.650 [Task submitter] DEBUG n.executor.local.LocalTaskHandler - Launch cmd line: /bin/bash -ue .command.run
Feb-26 10:28:41.650 [Task submitter] INFO  nextflow.Session - [3b/fa1b38] Submitted process > REMOVE_HOST (Removing host from barcode06)
Feb-26 10:28:50.294 [Task monitor] DEBUG n.processor.TaskPollingMonitor - Task completed > TaskHandler[id: 25; name: REMOVE_HOST (Removing host from barcode04); status: COMPLETED; exit: 0; error: -; workDir: /home/atorres/scripts/metaRT/nextflow_pipeline/work/a6/de2e88dbb59d3b08dc61ff756950f8]
Feb-26 10:28:50.295 [TaskFinalizer-5] DEBUG nextflow.processor.TaskProcessor - Process REMOVE_HOST > Skipping output binding because one or more optional files are missing: fileoutparam<1>
Feb-26 10:28:50.297 [Task submitter] DEBUG n.executor.local.LocalTaskHandler - Launch cmd line: /bin/bash -ue .command.run
Feb-26 10:28:50.298 [Task submitter] INFO  nextflow.Session - [97/24ddb2] Submitted process > REMOVE_HOST (Removing host from barcode12)
Feb-26 10:29:50.849 [Task monitor] DEBUG n.processor.TaskPollingMonitor - Task completed > TaskHandler[id: 26; name: REMOVE_HOST (Removing host from barcode06); status: COMPLETED; exit: 0; error: -; workDir: /home/atorres/scripts/metaRT/nextflow_pipeline/work/3b/fa1b38dff002ff95f90feb6735b232]
Feb-26 10:29:50.850 [TaskFinalizer-6] DEBUG nextflow.processor.TaskProcessor - Process REMOVE_HOST > Skipping output binding because one or more optional files are missing: fileoutparam<1>
Feb-26 10:29:50.852 [Task submitter] DEBUG n.executor.local.LocalTaskHandler - Launch cmd line: /bin/bash -ue .command.run
Feb-26 10:29:50.852 [Task submitter] INFO  nextflow.Session - [a7/296646] Submitted process > REMOVE_HOST (Removing host from barcode09)
Feb-26 10:29:55.656 [Task monitor] DEBUG n.processor.TaskPollingMonitor - !! executor local > tasks to be completed: 2 -- submitted tasks are shown below
~> TaskHandler[id: 28; name: REMOVE_HOST (Removing host from barcode12); status: RUNNING; exit: -; error: -; workDir: /home/atorres/scripts/metaRT/nextflow_pipeline/work/97/24ddb21f4b9656f01f610a8c7dfe08]
~> TaskHandler[id: 27; name: REMOVE_HOST (Removing host from barcode09); status: RUNNING; exit: -; error: -; workDir: /home/atorres/scripts/metaRT/nextflow_pipeline/work/a7/2966462b541f296e7bf2f834d8f983]
Feb-26 10:30:01.860 [Task monitor] DEBUG n.processor.TaskPollingMonitor - Task completed > TaskHandler[id: 28; name: REMOVE_HOST (Removing host from barcode12); status: COMPLETED; exit: 0; error: -; workDir: /home/atorres/scripts/metaRT/nextflow_pipeline/work/97/24ddb21f4b9656f01f610a8c7dfe08]
Feb-26 10:30:01.862 [TaskFinalizer-7] DEBUG nextflow.processor.TaskProcessor - Process REMOVE_HOST > Skipping output binding because one or more optional files are missing: fileoutparam<1>
Feb-26 10:30:01.870 [Task submitter] DEBUG n.executor.local.LocalTaskHandler - Launch cmd line: /bin/bash -ue .command.run
Feb-26 10:30:01.870 [Task submitter] INFO  nextflow.Session - [dc/538b42] Submitted process > REMOVE_HOST (Removing host from barcode10)
Feb-26 10:30:09.874 [Task submitter] DEBUG n.processor.TaskPollingMonitor - %% executor local > tasks in the submission queue: 16 -- tasks to be submitted are shown below
~> TaskHandler[id: 31; name: REMOVE_HOST (Removing host from barcode02); status: NEW; exit: -; error: -; workDir: /home/atorres/scripts/metaRT/nextflow_pipeline/work/41/ddfd418f5478ee4c4583f7d0c28f5a]
~> TaskHandler[id: 30; name: REMOVE_HOST (Removing host from barcode08); status: NEW; exit: -; error: -; workDir: /home/atorres/scripts/metaRT/nextflow_pipeline/work/69/e169845cc9802686efd87ee554adc3]
~> TaskHandler[id: 32; name: REMOVE_HOST (Removing host from barcode07); status: NEW; exit: -; error: -; workDir: /home/atorres/scripts/metaRT/nextflow_pipeline/work/bd/65c209b577d87772ad6a544e0cbe76]
~> TaskHandler[id: 33; name: REMOVE_HOST (Removing host from barcode03); status: NEW; exit: -; error: -; workDir: /home/atorres/scripts/metaRT/nextflow_pipeline/work/92/711d2138559fd8d2754157f1b74262]
~> TaskHandler[id: 34; name: REMOVE_HOST (Removing host from barcode11); status: NEW; exit: -; error: -; workDir: /home/atorres/scripts/metaRT/nextflow_pipeline/work/cf/dab9e52a6479a56163c5a13659fb7e]
~> TaskHandler[id: 35; name: REMOVE_HOST (Removing host from barcode18); status: NEW; exit: -; error: -; workDir: /home/atorres/scripts/metaRT/nextflow_pipeline/work/00/f7596b74c93d82d0c1e2d020d94e1c]
~> TaskHandler[id: 36; name: REMOVE_HOST (Removing host from barcode05); status: NEW; exit: -; error: -; workDir: /home/atorres/scripts/metaRT/nextflow_pipeline/work/40/78146ad3dff37a3b18315a89736925]
~> TaskHandler[id: 37; name: REMOVE_HOST (Removing host from barcode16); status: NEW; exit: -; error: -; workDir: /home/atorres/scripts/metaRT/nextflow_pipeline/work/0d/1c41b0693947558188266477399da3]
~> TaskHandler[id: 38; name: RUN_QC_FASTPLONG (QC for barcode01); status: NEW; exit: -; error: -; workDir: /home/atorres/scripts/metaRT/nextflow_pipeline/work/84/cf74a4cfbb07b68f261fb14c611794]
~> TaskHandler[id: 39; name: RUN_QC_FASTPLONG (QC for barcode17); status: NEW; exit: -; error: -; workDir: /home/atorres/scripts/metaRT/nextflow_pipeline/work/7e/d3d6c0076379d813680d07a9cf5198]
.. remaining tasks omitted.
Feb-26 10:31:02.916 [Task monitor] DEBUG n.processor.TaskPollingMonitor - Task completed > TaskHandler[id: 27; name: REMOVE_HOST (Removing host from barcode09); status: COMPLETED; exit: 0; error: -; workDir: /home/atorres/scripts/metaRT/nextflow_pipeline/work/a7/2966462b541f296e7bf2f834d8f983]
Feb-26 10:31:02.919 [TaskFinalizer-8] DEBUG nextflow.processor.TaskProcessor - Process REMOVE_HOST > Skipping output binding because one or more optional files are missing: fileoutparam<1>
Feb-26 10:31:02.919 [Task submitter] DEBUG n.executor.local.LocalTaskHandler - Launch cmd line: /bin/bash -ue .command.run
Feb-26 10:31:02.919 [Task submitter] INFO  nextflow.Session - [41/ddfd41] Submitted process > REMOVE_HOST (Removing host from barcode02)
Feb-26 10:31:08.548 [Task monitor] DEBUG n.processor.TaskPollingMonitor - Task completed > TaskHandler[id: 29; name: REMOVE_HOST (Removing host from barcode10); status: COMPLETED; exit: 0; error: -; workDir: /home/atorres/scripts/metaRT/nextflow_pipeline/work/dc/538b422533c1a541d0a0509807a935]
Feb-26 10:31:08.550 [TaskFinalizer-10] DEBUG nextflow.processor.TaskProcessor - Process REMOVE_HOST > Skipping output binding because one or more optional files are missing: fileoutparam<1>
Feb-26 10:31:08.557 [Task submitter] DEBUG n.executor.local.LocalTaskHandler - Launch cmd line: /bin/bash -ue .command.run
Feb-26 10:31:08.557 [Task submitter] INFO  nextflow.Session - [69/e16984] Submitted process > REMOVE_HOST (Removing host from barcode08)
Feb-26 10:32:09.683 [Task monitor] DEBUG n.processor.TaskPollingMonitor - Task completed > TaskHandler[id: 31; name: REMOVE_HOST (Removing host from barcode02); status: COMPLETED; exit: 0; error: -; workDir: /home/atorres/scripts/metaRT/nextflow_pipeline/work/41/ddfd418f5478ee4c4583f7d0c28f5a]
Feb-26 10:32:09.685 [TaskFinalizer-9] DEBUG nextflow.processor.TaskProcessor - Process REMOVE_HOST > Skipping output binding because one or more optional files are missing: fileoutparam<1>
Feb-26 10:32:09.686 [Task submitter] DEBUG n.executor.local.LocalTaskHandler - Launch cmd line: /bin/bash -ue .command.run
Feb-26 10:32:09.687 [Task submitter] INFO  nextflow.Session - [bd/65c209] Submitted process > REMOVE_HOST (Removing host from barcode07)
Feb-26 10:32:18.972 [Task monitor] DEBUG n.processor.TaskPollingMonitor - Task completed > TaskHandler[id: 30; name: REMOVE_HOST (Removing host from barcode08); status: COMPLETED; exit: 0; error: -; workDir: /home/atorres/scripts/metaRT/nextflow_pipeline/work/69/e169845cc9802686efd87ee554adc3]
Feb-26 10:32:18.980 [Task submitter] DEBUG n.executor.local.LocalTaskHandler - Launch cmd line: /bin/bash -ue .command.run
Feb-26 10:32:18.981 [Task submitter] INFO  nextflow.Session - [92/711d21] Submitted process > REMOVE_HOST (Removing host from barcode03)
Feb-26 10:32:18.981 [TaskFinalizer-1] DEBUG nextflow.processor.TaskProcessor - Process REMOVE_HOST > Skipping output binding because one or more optional files are missing: fileoutparam<1>
Feb-26 10:33:22.371 [Task monitor] DEBUG n.processor.TaskPollingMonitor - Task completed > TaskHandler[id: 32; name: REMOVE_HOST (Removing host from barcode07); status: COMPLETED; exit: 0; error: -; workDir: /home/atorres/scripts/metaRT/nextflow_pipeline/work/bd/65c209b577d87772ad6a544e0cbe76]
Feb-26 10:33:22.380 [TaskFinalizer-2] DEBUG nextflow.processor.TaskProcessor - Process REMOVE_HOST > Skipping output binding because one or more optional files are missing: fileoutparam<1>
Feb-26 10:33:22.381 [Task submitter] DEBUG n.executor.local.LocalTaskHandler - Launch cmd line: /bin/bash -ue .command.run
Feb-26 10:33:22.382 [Task submitter] INFO  nextflow.Session - [cf/dab9e5] Submitted process > REMOVE_HOST (Removing host from barcode11)
Feb-26 10:33:31.084 [Task monitor] DEBUG n.processor.TaskPollingMonitor - Task completed > TaskHandler[id: 33; name: REMOVE_HOST (Removing host from barcode03); status: COMPLETED; exit: 0; error: -; workDir: /home/atorres/scripts/metaRT/nextflow_pipeline/work/92/711d2138559fd8d2754157f1b74262]
Feb-26 10:33:31.086 [TaskFinalizer-3] DEBUG nextflow.processor.TaskProcessor - Process REMOVE_HOST > Skipping output binding because one or more optional files are missing: fileoutparam<1>
Feb-26 10:33:31.087 [Task submitter] DEBUG n.executor.local.LocalTaskHandler - Launch cmd line: /bin/bash -ue .command.run
Feb-26 10:33:31.087 [Task submitter] INFO  nextflow.Session - [00/f7596b] Submitted process > REMOVE_HOST (Removing host from barcode18)
Feb-26 10:34:36.635 [Task monitor] DEBUG n.processor.TaskPollingMonitor - Task completed > TaskHandler[id: 34; name: REMOVE_HOST (Removing host from barcode11); status: COMPLETED; exit: 0; error: -; workDir: /home/atorres/scripts/metaRT/nextflow_pipeline/work/cf/dab9e52a6479a56163c5a13659fb7e]
Feb-26 10:34:36.636 [TaskFinalizer-4] DEBUG nextflow.processor.TaskProcessor - Process REMOVE_HOST > Skipping output binding because one or more optional files are missing: fileoutparam<1>
Feb-26 10:34:36.637 [Task submitter] DEBUG n.executor.local.LocalTaskHandler - Launch cmd line: /bin/bash -ue .command.run
Feb-26 10:34:36.637 [Task submitter] INFO  nextflow.Session - [40/78146a] Submitted process > REMOVE_HOST (Removing host from barcode05)
Feb-26 10:34:55.756 [Task monitor] DEBUG n.processor.TaskPollingMonitor - !! executor local > tasks to be completed: 2 -- submitted tasks are shown below
~> TaskHandler[id: 35; name: REMOVE_HOST (Removing host from barcode18); status: RUNNING; exit: -; error: -; workDir: /home/atorres/scripts/metaRT/nextflow_pipeline/work/00/f7596b74c93d82d0c1e2d020d94e1c]
~> TaskHandler[id: 36; name: REMOVE_HOST (Removing host from barcode05); status: RUNNING; exit: -; error: -; workDir: /home/atorres/scripts/metaRT/nextflow_pipeline/work/40/78146ad3dff37a3b18315a89736925]
Feb-26 10:35:10.644 [Task submitter] DEBUG n.processor.TaskPollingMonitor - %% executor local > tasks in the submission queue: 16 -- tasks to be submitted are shown below
~> TaskHandler[id: 37; name: REMOVE_HOST (Removing host from barcode16); status: NEW; exit: -; error: -; workDir: /home/atorres/scripts/metaRT/nextflow_pipeline/work/0d/1c41b0693947558188266477399da3]
~> TaskHandler[id: 38; name: RUN_QC_FASTPLONG (QC for barcode01); status: NEW; exit: -; error: -; workDir: /home/atorres/scripts/metaRT/nextflow_pipeline/work/84/cf74a4cfbb07b68f261fb14c611794]
~> TaskHandler[id: 39; name: RUN_QC_FASTPLONG (QC for barcode17); status: NEW; exit: -; error: -; workDir: /home/atorres/scripts/metaRT/nextflow_pipeline/work/7e/d3d6c0076379d813680d07a9cf5198]
~> TaskHandler[id: 40; name: RUN_QC_FASTPLONG (QC for barcode15); status: NEW; exit: -; error: -; workDir: /home/atorres/scripts/metaRT/nextflow_pipeline/work/1a/82640c54ee73704dd7bf83fb8a1591]
~> TaskHandler[id: 41; name: RUN_QC_FASTPLONG (QC for barcode14); status: NEW; exit: -; error: -; workDir: /home/atorres/scripts/metaRT/nextflow_pipeline/work/d8/41ff49a52ef8e2cc997ba08ce5e9bd]
~> TaskHandler[id: 42; name: RUN_QC_FASTPLONG (QC for barcode13); status: NEW; exit: -; error: -; workDir: /home/atorres/scripts/metaRT/nextflow_pipeline/work/50/7a097a887bd8dc197ea2e07095b6d9]
~> TaskHandler[id: 43; name: RUN_QC_FASTPLONG (QC for barcode04); status: NEW; exit: -; error: -; workDir: /home/atorres/scripts/metaRT/nextflow_pipeline/work/3e/344621354e89933e2bcfda5a719eed]
~> TaskHandler[id: 44; name: RUN_QC_FASTPLONG (QC for barcode06); status: NEW; exit: -; error: -; workDir: /home/atorres/scripts/metaRT/nextflow_pipeline/work/48/0b8b3dc7a914cd425219bfbc8be3b9]
~> TaskHandler[id: 45; name: RUN_QC_FASTPLONG (QC for barcode12); status: NEW; exit: -; error: -; workDir: /home/atorres/scripts/metaRT/nextflow_pipeline/work/09/723d1e9fe3b7d07ee71e027f227164]
~> TaskHandler[id: 46; name: RUN_QC_FASTPLONG (QC for barcode09); status: NEW; exit: -; error: -; workDir: /home/atorres/scripts/metaRT/nextflow_pipeline/work/dc/31b0839ff5b16fae0ded9362a433ef]
.. remaining tasks omitted.
Feb-26 10:35:50.999 [Task monitor] DEBUG n.processor.TaskPollingMonitor - Task completed > TaskHandler[id: 36; name: REMOVE_HOST (Removing host from barcode05); status: COMPLETED; exit: 0; error: -; workDir: /home/atorres/scripts/metaRT/nextflow_pipeline/work/40/78146ad3dff37a3b18315a89736925]
Feb-26 10:35:51.000 [TaskFinalizer-5] DEBUG nextflow.processor.TaskProcessor - Process REMOVE_HOST > Skipping output binding because one or more optional files are missing: fileoutparam<1>
Feb-26 10:35:51.001 [Task submitter] DEBUG n.executor.local.LocalTaskHandler - Launch cmd line: /bin/bash -ue .command.run
Feb-26 10:35:51.002 [Task submitter] INFO  nextflow.Session - [0d/1c41b0] Submitted process > REMOVE_HOST (Removing host from barcode16)
Feb-26 10:36:33.136 [Task monitor] DEBUG n.processor.TaskPollingMonitor - Task completed > TaskHandler[id: 35; name: REMOVE_HOST (Removing host from barcode18); status: COMPLETED; exit: 0; error: -; workDir: /home/atorres/scripts/metaRT/nextflow_pipeline/work/00/f7596b74c93d82d0c1e2d020d94e1c]
Feb-26 10:36:33.138 [TaskFinalizer-6] DEBUG nextflow.processor.TaskProcessor - Process REMOVE_HOST > Skipping output binding because one or more optional files are missing: fileoutparam<1>
Feb-26 10:36:33.146 [Task submitter] DEBUG n.executor.local.LocalTaskHandler - Launch cmd line: /bin/bash -ue .command.run
Feb-26 10:36:33.146 [Task submitter] INFO  nextflow.Session - [84/cf74a4] Submitted process > RUN_QC_FASTPLONG (QC for barcode01)
Feb-26 10:36:33.150 [Task submitter] DEBUG n.executor.local.LocalTaskHandler - Launch cmd line: /bin/bash -ue .command.run
Feb-26 10:36:33.150 [Task submitter] INFO  nextflow.Session - [7e/d3d6c0] Submitted process > RUN_QC_FASTPLONG (QC for barcode17)
Feb-26 10:36:33.154 [Task submitter] DEBUG n.executor.local.LocalTaskHandler - Launch cmd line: /bin/bash -ue .command.run
Feb-26 10:36:33.154 [Task submitter] INFO  nextflow.Session - [1a/82640c] Submitted process > RUN_QC_FASTPLONG (QC for barcode15)
Feb-26 10:36:33.674 [Task monitor] DEBUG n.processor.TaskPollingMonitor - Task completed > TaskHandler[id: 40; name: RUN_QC_FASTPLONG (QC for barcode15); status: COMPLETED; exit: 0; error: -; workDir: /home/atorres/scripts/metaRT/nextflow_pipeline/work/1a/82640c54ee73704dd7bf83fb8a1591]
Feb-26 10:36:33.677 [Task submitter] DEBUG n.executor.local.LocalTaskHandler - Launch cmd line: /bin/bash -ue .command.run
Feb-26 10:36:33.677 [Task submitter] INFO  nextflow.Session - [d8/41ff49] Submitted process > RUN_QC_FASTPLONG (QC for barcode14)
Feb-26 10:36:34.044 [Task monitor] DEBUG n.processor.TaskPollingMonitor - Task completed > TaskHandler[id: 41; name: RUN_QC_FASTPLONG (QC for barcode14); status: COMPLETED; exit: 0; error: -; workDir: /home/atorres/scripts/metaRT/nextflow_pipeline/work/d8/41ff49a52ef8e2cc997ba08ce5e9bd]
Feb-26 10:36:34.046 [Task submitter] DEBUG n.executor.local.LocalTaskHandler - Launch cmd line: /bin/bash -ue .command.run
Feb-26 10:36:34.046 [Task submitter] INFO  nextflow.Session - [50/7a097a] Submitted process > RUN_QC_FASTPLONG (QC for barcode13)
Feb-26 10:36:34.122 [Task monitor] DEBUG n.processor.TaskPollingMonitor - Task completed > TaskHandler[id: 38; name: RUN_QC_FASTPLONG (QC for barcode01); status: COMPLETED; exit: 0; error: -; workDir: /home/atorres/scripts/metaRT/nextflow_pipeline/work/84/cf74a4cfbb07b68f261fb14c611794]
Feb-26 10:36:34.124 [Task submitter] DEBUG n.executor.local.LocalTaskHandler - Launch cmd line: /bin/bash -ue .command.run
Feb-26 10:36:34.124 [Task submitter] INFO  nextflow.Session - [3e/344621] Submitted process > RUN_QC_FASTPLONG (QC for barcode04)
Feb-26 10:36:34.761 [Task monitor] DEBUG n.processor.TaskPollingMonitor - Task completed > TaskHandler[id: 43; name: RUN_QC_FASTPLONG (QC for barcode04); status: COMPLETED; exit: 0; error: -; workDir: /home/atorres/scripts/metaRT/nextflow_pipeline/work/3e/344621354e89933e2bcfda5a719eed]
Feb-26 10:36:34.763 [Task submitter] DEBUG n.executor.local.LocalTaskHandler - Launch cmd line: /bin/bash -ue .command.run
Feb-26 10:36:34.763 [Task submitter] INFO  nextflow.Session - [48/0b8b3d] Submitted process > RUN_QC_FASTPLONG (QC for barcode06)
Feb-26 10:36:34.961 [Task monitor] DEBUG n.processor.TaskPollingMonitor - Task completed > TaskHandler[id: 42; name: RUN_QC_FASTPLONG (QC for barcode13); status: COMPLETED; exit: 0; error: -; workDir: /home/atorres/scripts/metaRT/nextflow_pipeline/work/50/7a097a887bd8dc197ea2e07095b6d9]
Feb-26 10:36:34.963 [Task submitter] DEBUG n.executor.local.LocalTaskHandler - Launch cmd line: /bin/bash -ue .command.run
Feb-26 10:36:34.963 [Task submitter] INFO  nextflow.Session - [09/723d1e] Submitted process > RUN_QC_FASTPLONG (QC for barcode12)
Feb-26 10:36:35.356 [Task monitor] DEBUG n.processor.TaskPollingMonitor - Task completed > TaskHandler[id: 45; name: RUN_QC_FASTPLONG (QC for barcode12); status: COMPLETED; exit: 0; error: -; workDir: /home/atorres/scripts/metaRT/nextflow_pipeline/work/09/723d1e9fe3b7d07ee71e027f227164]
Feb-26 10:36:35.363 [Task submitter] DEBUG n.executor.local.LocalTaskHandler - Launch cmd line: /bin/bash -ue .command.run
Feb-26 10:36:35.364 [Task submitter] INFO  nextflow.Session - [dc/31b083] Submitted process > RUN_QC_FASTPLONG (QC for barcode09)
Feb-26 10:36:35.485 [Task monitor] DEBUG n.processor.TaskPollingMonitor - Task completed > TaskHandler[id: 44; name: RUN_QC_FASTPLONG (QC for barcode06); status: COMPLETED; exit: 0; error: -; workDir: /home/atorres/scripts/metaRT/nextflow_pipeline/work/48/0b8b3dc7a914cd425219bfbc8be3b9]
Feb-26 10:36:35.487 [Task submitter] DEBUG n.executor.local.LocalTaskHandler - Launch cmd line: /bin/bash -ue .command.run
Feb-26 10:36:35.487 [Task submitter] INFO  nextflow.Session - [05/68be71] Submitted process > RUN_QC_FASTPLONG (QC for barcode10)
Feb-26 10:36:35.782 [Task monitor] DEBUG n.processor.TaskPollingMonitor - Task completed > TaskHandler[id: 46; name: RUN_QC_FASTPLONG (QC for barcode09); status: COMPLETED; exit: 0; error: -; workDir: /home/atorres/scripts/metaRT/nextflow_pipeline/work/dc/31b0839ff5b16fae0ded9362a433ef]
Feb-26 10:36:35.784 [Task submitter] DEBUG n.executor.local.LocalTaskHandler - Launch cmd line: /bin/bash -ue .command.run
Feb-26 10:36:35.785 [Task submitter] INFO  nextflow.Session - [4b/339a7a] Submitted process > RUN_QC_FASTPLONG (QC for barcode02)
Feb-26 10:36:35.819 [Task monitor] DEBUG n.processor.TaskPollingMonitor - Task completed > TaskHandler[id: 47; name: RUN_QC_FASTPLONG (QC for barcode10); status: COMPLETED; exit: 0; error: -; workDir: /home/atorres/scripts/metaRT/nextflow_pipeline/work/05/68be714cc1cc1013110ea5fcdf632c]
Feb-26 10:36:35.821 [Task submitter] DEBUG n.executor.local.LocalTaskHandler - Launch cmd line: /bin/bash -ue .command.run
Feb-26 10:36:35.821 [Task submitter] INFO  nextflow.Session - [a8/a06b01] Submitted process > RUN_QC_FASTPLONG (QC for barcode08)
Feb-26 10:36:36.251 [Task monitor] DEBUG n.processor.TaskPollingMonitor - Task completed > TaskHandler[id: 48; name: RUN_QC_FASTPLONG (QC for barcode02); status: COMPLETED; exit: 0; error: -; workDir: /home/atorres/scripts/metaRT/nextflow_pipeline/work/4b/339a7a25ec65be41911d90a586c1e5]
Feb-26 10:36:36.254 [Task submitter] DEBUG n.executor.local.LocalTaskHandler - Launch cmd line: /bin/bash -ue .command.run
Feb-26 10:36:36.254 [Task submitter] INFO  nextflow.Session - [d4/fe116e] Submitted process > RUN_QC_FASTPLONG (QC for barcode07)
Feb-26 10:36:36.260 [Task monitor] DEBUG n.processor.TaskPollingMonitor - Task completed > TaskHandler[id: 49; name: RUN_QC_FASTPLONG (QC for barcode08); status: COMPLETED; exit: 0; error: -; workDir: /home/atorres/scripts/metaRT/nextflow_pipeline/work/a8/a06b01f9bdae28b3d21daf872fdea0]
Feb-26 10:36:36.261 [Task submitter] DEBUG n.executor.local.LocalTaskHandler - Launch cmd line: /bin/bash -ue .command.run
Feb-26 10:36:36.261 [Task submitter] INFO  nextflow.Session - [eb/91fbcc] Submitted process > RUN_QC_FASTPLONG (QC for barcode03)
Feb-26 10:36:37.001 [Task monitor] DEBUG n.processor.TaskPollingMonitor - Task completed > TaskHandler[id: 51; name: RUN_QC_FASTPLONG (QC for barcode03); status: COMPLETED; exit: 0; error: -; workDir: /home/atorres/scripts/metaRT/nextflow_pipeline/work/eb/91fbcca6fe4a1bbfdbdc30de406347]
Feb-26 10:36:37.003 [Task submitter] DEBUG n.executor.local.LocalTaskHandler - Launch cmd line: /bin/bash -ue .command.run
Feb-26 10:36:37.003 [Task submitter] INFO  nextflow.Session - [fa/4809ef] Submitted process > RUN_QC_FASTPLONG (QC for barcode11)
Feb-26 10:36:37.313 [Task monitor] DEBUG n.processor.TaskPollingMonitor - Task completed > TaskHandler[id: 50; name: RUN_QC_FASTPLONG (QC for barcode07); status: COMPLETED; exit: 0; error: -; workDir: /home/atorres/scripts/metaRT/nextflow_pipeline/work/d4/fe116ed4d01f5af2ebd4cb9386ba26]
Feb-26 10:36:37.315 [Task submitter] DEBUG n.executor.local.LocalTaskHandler - Launch cmd line: /bin/bash -ue .command.run
Feb-26 10:36:37.316 [Task submitter] INFO  nextflow.Session - [05/a71ba8] Submitted process > RUN_QC_FASTPLONG (QC for barcode05)
Feb-26 10:36:37.756 [Task monitor] DEBUG n.processor.TaskPollingMonitor - Task completed > TaskHandler[id: 52; name: RUN_QC_FASTPLONG (QC for barcode11); status: COMPLETED; exit: 0; error: -; workDir: /home/atorres/scripts/metaRT/nextflow_pipeline/work/fa/4809ef77e2a86e4375131de5288dbd]
Feb-26 10:36:37.759 [Task submitter] DEBUG n.executor.local.LocalTaskHandler - Launch cmd line: /bin/bash -ue .command.run
Feb-26 10:36:37.759 [Task submitter] INFO  nextflow.Session - [32/40eeec] Submitted process > RUN_QC_FASTPLONG (QC for barcode18)
Feb-26 10:36:38.355 [Task monitor] DEBUG n.processor.TaskPollingMonitor - Task completed > TaskHandler[id: 53; name: RUN_QC_FASTPLONG (QC for barcode05); status: COMPLETED; exit: 0; error: -; workDir: /home/atorres/scripts/metaRT/nextflow_pipeline/work/05/a71ba89d8e74d0b83849fc18d8f160]
Feb-26 10:37:03.912 [Task monitor] DEBUG n.processor.TaskPollingMonitor - Task completed > TaskHandler[id: 39; name: RUN_QC_FASTPLONG (QC for barcode17); status: COMPLETED; exit: 0; error: -; workDir: /home/atorres/scripts/metaRT/nextflow_pipeline/work/7e/d3d6c0076379d813680d07a9cf5198]
Feb-26 10:37:16.832 [Task monitor] DEBUG n.processor.TaskPollingMonitor - Task completed > TaskHandler[id: 37; name: REMOVE_HOST (Removing host from barcode16); status: COMPLETED; exit: 0; error: -; workDir: /home/atorres/scripts/metaRT/nextflow_pipeline/work/0d/1c41b0693947558188266477399da3]
Feb-26 10:37:16.833 [TaskFinalizer-3] DEBUG nextflow.processor.TaskProcessor - Process REMOVE_HOST > Skipping output binding because one or more optional files are missing: fileoutparam<1>
Feb-26 10:37:16.835 [Task submitter] DEBUG n.executor.local.LocalTaskHandler - Launch cmd line: /bin/bash -ue .command.run
Feb-26 10:37:16.835 [Task submitter] INFO  nextflow.Session - [e4/34d36e] Submitted process > RUN_KRAKEN2 (Kraken2 on barcode15)
Feb-26 10:37:17.219 [Task monitor] DEBUG n.processor.TaskPollingMonitor - Task completed > TaskHandler[id: 55; name: RUN_KRAKEN2 (Kraken2 on barcode15); status: COMPLETED; exit: 0; error: -; workDir: /home/atorres/scripts/metaRT/nextflow_pipeline/work/e4/34d36e2aa70cd63fc55d52405d978c]
Feb-26 10:37:17.222 [Task submitter] DEBUG n.executor.local.LocalTaskHandler - Launch cmd line: /bin/bash -ue .command.run
Feb-26 10:37:17.222 [Task submitter] INFO  nextflow.Session - [32/a1038a] Submitted process > RUN_KRAKEN2 (Kraken2 on barcode14)
Feb-26 10:37:17.225 [Task submitter] DEBUG n.executor.local.LocalTaskHandler - Launch cmd line: /bin/bash -ue .command.run
Feb-26 10:37:17.225 [Task submitter] INFO  nextflow.Session - [f1/8160c2] Submitted process > RUN_QC_FASTPLONG (QC for barcode16)
Feb-26 10:37:17.538 [Task monitor] DEBUG n.processor.TaskPollingMonitor - Task completed > TaskHandler[id: 56; name: RUN_KRAKEN2 (Kraken2 on barcode14); status: COMPLETED; exit: 0; error: -; workDir: /home/atorres/scripts/metaRT/nextflow_pipeline/work/32/a1038a2b1320d145a3948fe4e3bc5e]
Feb-26 10:37:17.541 [Task submitter] DEBUG n.executor.local.LocalTaskHandler - Launch cmd line: /bin/bash -ue .command.run
Feb-26 10:37:17.541 [Task submitter] INFO  nextflow.Session - [fc/ce855f] Submitted process > RUN_KRAKEN2 (Kraken2 on barcode01)
Feb-26 10:37:17.637 [Task monitor] DEBUG n.processor.TaskPollingMonitor - Task completed > TaskHandler[id: 71; name: RUN_QC_FASTPLONG (QC for barcode16); status: COMPLETED; exit: 0; error: -; workDir: /home/atorres/scripts/metaRT/nextflow_pipeline/work/f1/8160c2905b9f2451ffc36cfe9f2dab]
Feb-26 10:37:18.074 [Task monitor] DEBUG n.processor.TaskPollingMonitor - Task completed > TaskHandler[id: 57; name: RUN_KRAKEN2 (Kraken2 on barcode01); status: COMPLETED; exit: 0; error: -; workDir: /home/atorres/scripts/metaRT/nextflow_pipeline/work/fc/ce855f0102ae881ceeac17fa9a8687]
Feb-26 10:37:18.077 [Task submitter] DEBUG n.executor.local.LocalTaskHandler - Launch cmd line: /bin/bash -ue .command.run
Feb-26 10:37:18.077 [Task submitter] INFO  nextflow.Session - [3c/d19b4a] Submitted process > RUN_KRAKEN2 (Kraken2 on barcode04)
Feb-26 10:37:18.505 [Task monitor] DEBUG n.processor.TaskPollingMonitor - Task completed > TaskHandler[id: 58; name: RUN_KRAKEN2 (Kraken2 on barcode04); status: COMPLETED; exit: 0; error: -; workDir: /home/atorres/scripts/metaRT/nextflow_pipeline/work/3c/d19b4ae615cd288e8c0d318bc54533]
Feb-26 10:37:18.514 [Task submitter] DEBUG n.executor.local.LocalTaskHandler - Launch cmd line: /bin/bash -ue .command.run
Feb-26 10:37:18.514 [Task submitter] INFO  nextflow.Session - [c7/62ace8] Submitted process > RUN_KRAKEN2 (Kraken2 on barcode13)
Feb-26 10:37:19.013 [Task monitor] DEBUG n.processor.TaskPollingMonitor - Task completed > TaskHandler[id: 59; name: RUN_KRAKEN2 (Kraken2 on barcode13); status: COMPLETED; exit: 0; error: -; workDir: /home/atorres/scripts/metaRT/nextflow_pipeline/work/c7/62ace818766762387c2f231decad74]
Feb-26 10:37:19.015 [Task submitter] DEBUG n.executor.local.LocalTaskHandler - Launch cmd line: /bin/bash -ue .command.run
Feb-26 10:37:19.015 [Task submitter] INFO  nextflow.Session - [84/2541c7] Submitted process > RUN_KRAKEN2 (Kraken2 on barcode12)
Feb-26 10:37:19.342 [Task monitor] DEBUG n.processor.TaskPollingMonitor - Task completed > TaskHandler[id: 60; name: RUN_KRAKEN2 (Kraken2 on barcode12); status: COMPLETED; exit: 0; error: -; workDir: /home/atorres/scripts/metaRT/nextflow_pipeline/work/84/2541c72ebabbe35e361da737469f68]
Feb-26 10:37:19.345 [Task submitter] DEBUG n.executor.local.LocalTaskHandler - Launch cmd line: /bin/bash -ue .command.run
Feb-26 10:37:19.345 [Task submitter] INFO  nextflow.Session - [07/d297c3] Submitted process > RUN_KRAKEN2 (Kraken2 on barcode06)
Feb-26 10:37:19.822 [Task monitor] DEBUG n.processor.TaskPollingMonitor - Task completed > TaskHandler[id: 61; name: RUN_KRAKEN2 (Kraken2 on barcode06); status: COMPLETED; exit: 0; error: -; workDir: /home/atorres/scripts/metaRT/nextflow_pipeline/work/07/d297c3033de9299dd7248c499b67cc]
Feb-26 10:37:19.825 [Task submitter] DEBUG n.executor.local.LocalTaskHandler - Launch cmd line: /bin/bash -ue .command.run
Feb-26 10:37:19.825 [Task submitter] INFO  nextflow.Session - [2b/55354a] Submitted process > RUN_KRAKEN2 (Kraken2 on barcode09)
Feb-26 10:37:20.161 [Task monitor] DEBUG n.processor.TaskPollingMonitor - Task completed > TaskHandler[id: 62; name: RUN_KRAKEN2 (Kraken2 on barcode09); status: COMPLETED; exit: 0; error: -; workDir: /home/atorres/scripts/metaRT/nextflow_pipeline/work/2b/55354a179e25253ded98628e70a041]
Feb-26 10:37:20.164 [Task submitter] DEBUG n.executor.local.LocalTaskHandler - Launch cmd line: /bin/bash -ue .command.run
Feb-26 10:37:20.164 [Task submitter] INFO  nextflow.Session - [b8/8fc393] Submitted process > RUN_KRAKEN2 (Kraken2 on barcode10)
Feb-26 10:37:20.457 [Task monitor] DEBUG n.processor.TaskPollingMonitor - Task completed > TaskHandler[id: 63; name: RUN_KRAKEN2 (Kraken2 on barcode10); status: COMPLETED; exit: 0; error: -; workDir: /home/atorres/scripts/metaRT/nextflow_pipeline/work/b8/8fc39398fc44b3246b4868fbeb85f1]
Feb-26 10:37:20.460 [Task submitter] DEBUG n.executor.local.LocalTaskHandler - Launch cmd line: /bin/bash -ue .command.run
Feb-26 10:37:20.460 [Task submitter] INFO  nextflow.Session - [c5/54b828] Submitted process > RUN_KRAKEN2 (Kraken2 on barcode02)
Feb-26 10:37:20.808 [Task monitor] DEBUG n.processor.TaskPollingMonitor - Task completed > TaskHandler[id: 64; name: RUN_KRAKEN2 (Kraken2 on barcode02); status: COMPLETED; exit: 0; error: -; workDir: /home/atorres/scripts/metaRT/nextflow_pipeline/work/c5/54b82811d5844d6e3738ecba045b66]
Feb-26 10:37:20.811 [Task submitter] DEBUG n.executor.local.LocalTaskHandler - Launch cmd line: /bin/bash -ue .command.run
Feb-26 10:37:20.811 [Task submitter] INFO  nextflow.Session - [8f/de8a29] Submitted process > RUN_KRAKEN2 (Kraken2 on barcode08)
Feb-26 10:37:21.167 [Task monitor] DEBUG n.processor.TaskPollingMonitor - Task completed > TaskHandler[id: 65; name: RUN_KRAKEN2 (Kraken2 on barcode08); status: COMPLETED; exit: 0; error: -; workDir: /home/atorres/scripts/metaRT/nextflow_pipeline/work/8f/de8a29977b1a38bd0bee9d1771c694]
Feb-26 10:37:21.169 [Task submitter] DEBUG n.executor.local.LocalTaskHandler - Launch cmd line: /bin/bash -ue .command.run
Feb-26 10:37:21.169 [Task submitter] INFO  nextflow.Session - [59/84cc3a] Submitted process > RUN_KRAKEN2 (Kraken2 on barcode03)
Feb-26 10:37:21.661 [Task monitor] DEBUG n.processor.TaskPollingMonitor - Task completed > TaskHandler[id: 66; name: RUN_KRAKEN2 (Kraken2 on barcode03); status: COMPLETED; exit: 0; error: -; workDir: /home/atorres/scripts/metaRT/nextflow_pipeline/work/59/84cc3a4050851ab9927af67cd04633]
Feb-26 10:37:21.663 [Task submitter] DEBUG n.executor.local.LocalTaskHandler - Launch cmd line: /bin/bash -ue .command.run
Feb-26 10:37:21.664 [Task submitter] INFO  nextflow.Session - [54/303653] Submitted process > RUN_KRAKEN2 (Kraken2 on barcode07)
Feb-26 10:37:22.246 [Task monitor] DEBUG n.processor.TaskPollingMonitor - Task completed > TaskHandler[id: 67; name: RUN_KRAKEN2 (Kraken2 on barcode07); status: COMPLETED; exit: 0; error: -; workDir: /home/atorres/scripts/metaRT/nextflow_pipeline/work/54/303653d02119bae1263db315d4b61b]
Feb-26 10:37:22.249 [Task submitter] DEBUG n.executor.local.LocalTaskHandler - Launch cmd line: /bin/bash -ue .command.run
Feb-26 10:37:22.249 [Task submitter] INFO  nextflow.Session - [70/5c51b1] Submitted process > RUN_KRAKEN2 (Kraken2 on barcode11)
Feb-26 10:37:22.738 [Task monitor] DEBUG n.processor.TaskPollingMonitor - Task completed > TaskHandler[id: 68; name: RUN_KRAKEN2 (Kraken2 on barcode11); status: COMPLETED; exit: 0; error: -; workDir: /home/atorres/scripts/metaRT/nextflow_pipeline/work/70/5c51b14532921904180487ee93214d]
Feb-26 10:37:22.741 [Task submitter] DEBUG n.executor.local.LocalTaskHandler - Launch cmd line: /bin/bash -ue .command.run
Feb-26 10:37:22.741 [Task submitter] INFO  nextflow.Session - [39/63b51b] Submitted process > RUN_KRAKEN2 (Kraken2 on barcode05)
Feb-26 10:37:23.256 [Task monitor] DEBUG n.processor.TaskPollingMonitor - Task completed > TaskHandler[id: 69; name: RUN_KRAKEN2 (Kraken2 on barcode05); status: COMPLETED; exit: 0; error: -; workDir: /home/atorres/scripts/metaRT/nextflow_pipeline/work/39/63b51b2eb33f37b07a74a44cae6bd4]
Feb-26 10:37:23.258 [Task submitter] DEBUG n.executor.local.LocalTaskHandler - Launch cmd line: /bin/bash -ue .command.run
Feb-26 10:37:23.259 [Task submitter] INFO  nextflow.Session - [7f/a45ef9] Submitted process > RUN_KRAKEN2 (Kraken2 on barcode17)
Feb-26 10:37:44.229 [Task monitor] DEBUG n.processor.TaskPollingMonitor - Task completed > TaskHandler[id: 70; name: RUN_KRAKEN2 (Kraken2 on barcode17); status: COMPLETED; exit: 0; error: -; workDir: /home/atorres/scripts/metaRT/nextflow_pipeline/work/7f/a45ef98871fe562a988cc2cd96b972]
Feb-26 10:37:44.231 [Task submitter] DEBUG n.executor.local.LocalTaskHandler - Launch cmd line: /bin/bash -ue .command.run
Feb-26 10:37:44.231 [Task submitter] INFO  nextflow.Session - [67/b9c18d] Submitted process > RUN_KRAKEN2 (Kraken2 on barcode16)
Feb-26 10:37:44.573 [Task monitor] DEBUG n.processor.TaskPollingMonitor - Task completed > TaskHandler[id: 72; name: RUN_KRAKEN2 (Kraken2 on barcode16); status: COMPLETED; exit: 0; error: -; workDir: /home/atorres/scripts/metaRT/nextflow_pipeline/work/67/b9c18d823eb570bf90914b4e5e9671]
Feb-26 10:38:50.689 [Task monitor] DEBUG n.processor.TaskPollingMonitor - Task completed > TaskHandler[id: 54; name: RUN_QC_FASTPLONG (QC for barcode18); status: COMPLETED; exit: 0; error: -; workDir: /home/atorres/scripts/metaRT/nextflow_pipeline/work/32/40eeeca54814a7ffb233b3eb4c4fdd]
Feb-26 10:38:50.694 [Task submitter] DEBUG n.executor.local.LocalTaskHandler - Launch cmd line: /bin/bash -ue .command.run
Feb-26 10:38:50.694 [Task submitter] INFO  nextflow.Session - [c6/d9bea8] Submitted process > RUN_KRAKEN2 (Kraken2 on barcode18)
Feb-26 10:39:55.848 [Task monitor] DEBUG n.processor.TaskPollingMonitor - !! executor local > tasks to be completed: 1 -- submitted tasks are shown below
~> TaskHandler[id: 73; name: RUN_KRAKEN2 (Kraken2 on barcode18); status: RUNNING; exit: -; error: -; workDir: /home/atorres/scripts/metaRT/nextflow_pipeline/work/c6/d9bea8809ccfb79faf4b5b16f1377c]
Feb-26 10:40:34.236 [Task monitor] DEBUG n.processor.TaskPollingMonitor - Task completed > TaskHandler[id: 73; name: RUN_KRAKEN2 (Kraken2 on barcode18); status: COMPLETED; exit: 0; error: -; workDir: /home/atorres/scripts/metaRT/nextflow_pipeline/work/c6/d9bea8809ccfb79faf4b5b16f1377c]
Feb-26 10:40:34.239 [main] DEBUG nextflow.Session - Session await > all processes finished
Feb-26 10:40:34.337 [Task monitor] DEBUG n.processor.TaskPollingMonitor - <<< barrier arrives (monitor: local) - terminating tasks monitor poll loop
Feb-26 10:40:34.337 [main] DEBUG nextflow.Session - Session await > all barriers passed
Feb-26 10:40:34.339 [main] DEBUG nextflow.util.ThreadPoolManager - Thread pool 'TaskFinalizer' shutdown completed (hard=false)
Feb-26 10:40:39.340 [main] INFO  nextflow.util.ThreadPoolHelper - Waiting for file transfers to complete (1 files)
Feb-26 10:41:07.352 [main] DEBUG nextflow.util.ThreadPoolManager - Thread pool 'PublishDir' shutdown completed (hard=false)
Feb-26 10:41:07.365 [main] DEBUG n.trace.WorkflowStatsObserver - Workflow completed > WorkflowStats[succeededCount=73; failedCount=0; ignoredCount=0; cachedCount=0; pendingCount=0; submittedCount=0; runningCount=0; retriesCount=0; abortedCount=0; succeedDuration=5h 23m 21s; failedDuration=0ms; cachedDuration=0ms;loadCpus=0; loadMemory=0; peakRunning=19; peakCpus=28; peakMemory=56 GB; ]
Feb-26 10:41:07.410 [main] DEBUG nextflow.cache.CacheDB - Closing CacheDB done
Feb-26 10:41:07.416 [main] DEBUG nextflow.plugin.PluginsFacade - Using Default plugin manager
Feb-26 10:41:07.418 [main] INFO  o.pf4j.DefaultPluginStatusProvider - Enabled plugins: []
Feb-26 10:41:07.418 [main] INFO  o.pf4j.DefaultPluginStatusProvider - Disabled plugins: []
Feb-26 10:41:07.419 [main] INFO  org.pf4j.DefaultPluginManager - PF4J version 3.12.0 in 'deployment' mode
Feb-26 10:41:07.419 [main] DEBUG nextflow.cache.CacheFactory - Using Nextflow cache factory: nextflow.cache.DefaultCacheFactory
Feb-26 10:41:08.484 [main] DEBUG nextflow.cache.CacheDB - Closing CacheDB done
Feb-26 10:41:08.485 [main] DEBUG nextflow.util.ThreadPoolManager - Thread pool 'FileTransfer' shutdown completed (hard=false)
Feb-26 10:41:08.485 [main] DEBUG nextflow.script.ScriptRunner - > Execution complete -- Goodbye
